<?xml version="1.0" encoding="UTF-8"?>
<!-- Generated by org.testng.reporters.JUnitReportReporter -->
<testsuite skipped="0" hostname="DESKTOP-SM48EEK" name="testOne.BootstrapDropDown" tests="1" failures="0" timestamp="03 Apr 2021 11:11:30 GMT" time="36.187" errors="0">
  <testcase name="setup" time="36.187" classname="testOne.BootstrapDropDown"/>
</testsuite> <!-- testOne.BootstrapDropDown -->
