<?xml version="1.0" encoding="UTF-8"?>
<!-- Generated by org.testng.reporters.JUnitReportReporter -->
<testsuite skipped="0" hostname="DESKTOP-SM48EEK" name="testOne.FacebookRegistration" tests="1" failures="0" timestamp="03 Apr 2021 09:46:35 GMT" time="39.227" errors="0">
  <testcase name="setup" time="39.227" classname="testOne.FacebookRegistration"/>
</testsuite> <!-- testOne.FacebookRegistration -->
