<?xml version="1.0" encoding="UTF-8"?>
<!-- Generated by org.testng.reporters.JUnitReportReporter -->
<testsuite skipped="0" hostname="DESKTOP-SM48EEK" name="testOne.JavaPractice" tests="1" failures="0" timestamp="04 Apr 2021 08:11:34 GMT" time="0.016" errors="0">
  <testcase name="test3" time="0.016" classname="testOne.JavaPractice"/>
</testsuite> <!-- testOne.JavaPractice -->
